<?xml version="1.0" encoding="UTF-8"?>
<!-- Generated by org.testng.reporters.JUnitXMLReporter -->
<testsuite hostname="ind643.local" ignored="0" name="Holofy-APIs" tests="18" failures="0" timestamp="27 Aug 2019 13:28:02 GMT" time="29.513" errors="0">
  <testcase name="appforgotpassword" time="3.163" classname="HolofyAPIs.ForgotPasswordWithNumber"/>
  <testcase name="appforgotpassword" time="0.637" classname="HolofyAPIs.ForgotPasswordWithNumber"/>
  <testcase name="appforgotpassword" time="0.638" classname="HolofyAPIs.ForgotPasswordWithNumber"/>
  <testcase name="appforgotpassword" time="0.643" classname="HolofyAPIs.ForgotPasswordWithNumber"/>
  <testcase name="Productlist" time="1.92" classname="HolofyAPIs.getProductList"/>
  <testcase name="deleteSpace" time="3.224" classname="HolofyAPIs.RemoveCreateSpace"/>
  <testcase name="appforgotpassword" time="0.607" classname="HolofyAPIs.ForgotpasswordWithEmail"/>
  <testcase name="appforgotpassword" time="0.581" classname="HolofyAPIs.ForgotpasswordWithEmail"/>
  <testcase name="appforgotpassword" time="0.58" classname="HolofyAPIs.ForgotpasswordWithEmail"/>
  <testcase name="appforgotpassword" time="0.64" classname="HolofyAPIs.ForgotpasswordWithEmail"/>
  <testcase name="EditSpace" time="5.907" classname="HolofyAPIs.EditCreatedSpace"/>
  <testcase name="ListOfSpaceType" time="1.774" classname="HolofyAPIs.GetSpaceList"/>
  <testcase name="ProductToSpace" time="3.717" classname="HolofyAPIs.AddProductToSpace"/>
  <testcase name="getValidLogin" time="1.042" classname="HolofyAPIs.AppLogin"/>
  <testcase name="getValidLogin" time="0.603" classname="HolofyAPIs.AppLogin"/>
  <testcase name="getValidLogin" time="0.658" classname="HolofyAPIs.AppLogin"/>
  <testcase name="getValidLogin" time="0.574" classname="HolofyAPIs.AppLogin"/>
  <testcase name="createNewSpace" time="2.566" classname="HolofyAPIs.CreateSpace"/>
</testsuite> <!-- Holofy-APIs -->
