<?xml version="1.0" encoding="UTF-8"?>
<!-- Generated by org.testng.reporters.JUnitXMLReporter -->
<testsuite hostname="ind643.local" ignored="0" name="Holofy-APIs" tests="21" failures="0" timestamp="24 Sep 2019 12:53:30 GMT" time="36.073" errors="0">
  <testcase name="getLoginAPI" time="2.01" classname="HolofyAPIs.AppLogin"/>
  <testcase name="getLoginAPI" time="0.621" classname="HolofyAPIs.AppLogin"/>
  <testcase name="getLoginAPI" time="0.674" classname="HolofyAPIs.AppLogin"/>
  <testcase name="getLoginAPI" time="0.623" classname="HolofyAPIs.AppLogin"/>
  <testcase name="forgotpasswordWithNumberAPI" time="1.09" classname="HolofyAPIs.ForgotPasswordWithNumber"/>
  <testcase name="forgotpasswordWithNumberAPI" time="0.63" classname="HolofyAPIs.ForgotPasswordWithNumber"/>
  <testcase name="forgotpasswordWithNumberAPI" time="0.575" classname="HolofyAPIs.ForgotPasswordWithNumber"/>
  <testcase name="forgotpasswordWithNumberAPI" time="0.602" classname="HolofyAPIs.ForgotPasswordWithNumber"/>
  <testcase name="forgotpasswordWithEmailAPI" time="0.581" classname="HolofyAPIs.ForgotpasswordWithEmail"/>
  <testcase name="forgotpasswordWithEmailAPI" time="0.589" classname="HolofyAPIs.ForgotpasswordWithEmail"/>
  <testcase name="forgotpasswordWithEmailAPI" time="0.585" classname="HolofyAPIs.ForgotpasswordWithEmail"/>
  <testcase name="forgotpasswordWithEmailAPI" time="0.583" classname="HolofyAPIs.ForgotpasswordWithEmail"/>
  <testcase name="ListOfSpaceType" time="1.786" classname="HolofyAPIs.GetSpaceList"/>
  <testcase name="createNewSpaceAPI" time="2.638" classname="HolofyAPIs.CreateSpace"/>
  <testcase name="createNewSpaceAPI" time="2.562" classname="HolofyAPIs.CreateSpace"/>
  <testcase name="EditSpaceAPI" time="3.57" classname="HolofyAPIs.EditCreatedSpace"/>
  <testcase name="Productlist" time="1.948" classname="HolofyAPIs.getProductList"/>
  <testcase name="AddProductToSpaceAPI" time="3.461" classname="HolofyAPIs.AddProductToSpace"/>
  <testcase name="deleteSpaceAPI" time="2.477" classname="HolofyAPIs.RemoveCreateSpace"/>
  <testcase name="updateProductAPI" time="4.281" classname="HolofyAPIs.EditProduct"/>
  <testcase name="removeAddedProductAPI" time="4.167" classname="HolofyAPIs.RemoveProductFromSpace"/>
</testsuite> <!-- Holofy-APIs -->
