<?xml version="1.0" encoding="UTF-8"?>
<testng-results skipped="0" failed="0" ignored="0" total="21" passed="21">
  <reporter-output>
  </reporter-output>
  <suite name="Suite" duration-ms="38418" started-at="2019-09-24T09:42:08Z" finished-at="2019-09-24T09:42:46Z">
    <groups>
    </groups>
    <test name="Holofy-APIs" duration-ms="38418" started-at="2019-09-24T09:42:08Z" finished-at="2019-09-24T09:42:46Z">
      <class name="HolofyAPIs.CreateSpace">
        <test-method status="PASS" signature="createNewSpaceAPI(java.lang.String, java.lang.String, java.lang.String, java.lang.String, int)[pri:0, instance:HolofyAPIs.CreateSpace@11bd0f3b]" name="createNewSpaceAPI" duration-ms="2753" started-at="2019-09-24T15:12:21Z" data-provider="Create-New-Space" finished-at="2019-09-24T15:12:24Z">
          <params>
            <param index="0">
              <value>
                <![CDATA[2]]>
              </value>
            </param>
            <param index="1">
              <value>
                <![CDATA[5]]>
              </value>
            </param>
            <param index="2">
              <value>
                <![CDATA[My New Space From API]]>
              </value>
            </param>
            <param index="3">
              <value>
                <![CDATA[Verifying if the space is getting created or not]]>
              </value>
            </param>
            <param index="4">
              <value>
                <![CDATA[200]]>
              </value>
            </param>
          </params>
          <reporter-output>
          </reporter-output>
        </test-method> <!-- createNewSpaceAPI -->
        <test-method status="PASS" signature="createNewSpaceAPI(java.lang.String, java.lang.String, java.lang.String, java.lang.String, int)[pri:0, instance:HolofyAPIs.CreateSpace@11bd0f3b]" name="createNewSpaceAPI" duration-ms="2636" started-at="2019-09-24T15:12:24Z" data-provider="Create-New-Space" finished-at="2019-09-24T15:12:27Z">
          <params>
            <param index="0">
              <value>
                <![CDATA[]]>
              </value>
            </param>
            <param index="1">
              <value>
                <![CDATA[5]]>
              </value>
            </param>
            <param index="2">
              <value>
                <![CDATA[My New Space From API]]>
              </value>
            </param>
            <param index="3">
              <value>
                <![CDATA[Verifying if the space is getting created or not]]>
              </value>
            </param>
            <param index="4">
              <value>
                <![CDATA[200]]>
              </value>
            </param>
          </params>
          <reporter-output>
          </reporter-output>
        </test-method> <!-- createNewSpaceAPI -->
      </class> <!-- HolofyAPIs.CreateSpace -->
      <class name="HolofyAPIs.RemoveProductFromSpace">
        <test-method status="PASS" signature="removeAddedProductAPI()[pri:0, instance:HolofyAPIs.RemoveProductFromSpace@5fd4f8f5]" name="removeAddedProductAPI" duration-ms="4263" started-at="2019-09-24T15:12:42Z" finished-at="2019-09-24T15:12:46Z">
          <reporter-output>
          </reporter-output>
        </test-method> <!-- removeAddedProductAPI -->
      </class> <!-- HolofyAPIs.RemoveProductFromSpace -->
      <class name="HolofyAPIs.ForgotPasswordWithNumber">
        <test-method status="PASS" signature="forgotpasswordWithNumberAPI(java.lang.String, java.lang.String, int)[pri:0, instance:HolofyAPIs.ForgotPasswordWithNumber@378542de]" name="forgotpasswordWithNumberAPI" duration-ms="1140" started-at="2019-09-24T15:12:14Z" data-provider="forgot-passwordWithNumber" finished-at="2019-09-24T15:12:15Z">
          <params>
            <param index="0">
              <value>
                <![CDATA[9876543212]]>
              </value>
            </param>
            <param index="1">
              <value>
                <![CDATA[+44]]>
              </value>
            </param>
            <param index="2">
              <value>
                <![CDATA[200]]>
              </value>
            </param>
          </params>
          <reporter-output>
          </reporter-output>
        </test-method> <!-- forgotpasswordWithNumberAPI -->
        <test-method status="PASS" signature="forgotpasswordWithNumberAPI(java.lang.String, java.lang.String, int)[pri:0, instance:HolofyAPIs.ForgotPasswordWithNumber@378542de]" name="forgotpasswordWithNumberAPI" duration-ms="575" started-at="2019-09-24T15:12:15Z" data-provider="forgot-passwordWithNumber" finished-at="2019-09-24T15:12:16Z">
          <params>
            <param index="0">
              <value>
                <![CDATA[1234567890]]>
              </value>
            </param>
            <param index="1">
              <value>
                <![CDATA[+1]]>
              </value>
            </param>
            <param index="2">
              <value>
                <![CDATA[400]]>
              </value>
            </param>
          </params>
          <reporter-output>
          </reporter-output>
        </test-method> <!-- forgotpasswordWithNumberAPI -->
        <test-method status="PASS" signature="forgotpasswordWithNumberAPI(java.lang.String, java.lang.String, int)[pri:0, instance:HolofyAPIs.ForgotPasswordWithNumber@378542de]" name="forgotpasswordWithNumberAPI" duration-ms="606" started-at="2019-09-24T15:12:16Z" data-provider="forgot-passwordWithNumber" finished-at="2019-09-24T15:12:17Z">
          <params>
            <param index="0">
              <value>
                <![CDATA[]]>
              </value>
            </param>
            <param index="1">
              <value>
                <![CDATA[]]>
              </value>
            </param>
            <param index="2">
              <value>
                <![CDATA[400]]>
              </value>
            </param>
          </params>
          <reporter-output>
          </reporter-output>
        </test-method> <!-- forgotpasswordWithNumberAPI -->
        <test-method status="PASS" signature="forgotpasswordWithNumberAPI(java.lang.String, java.lang.String, int)[pri:0, instance:HolofyAPIs.ForgotPasswordWithNumber@378542de]" name="forgotpasswordWithNumberAPI" duration-ms="585" started-at="2019-09-24T15:12:17Z" data-provider="forgot-passwordWithNumber" finished-at="2019-09-24T15:12:17Z">
          <params>
            <param index="0">
              <value>
                <![CDATA[test+12@gmail.com]]>
              </value>
            </param>
            <param index="1">
              <value>
                <![CDATA[test]]>
              </value>
            </param>
            <param index="2">
              <value>
                <![CDATA[400]]>
              </value>
            </param>
          </params>
          <reporter-output>
          </reporter-output>
        </test-method> <!-- forgotpasswordWithNumberAPI -->
      </class> <!-- HolofyAPIs.ForgotPasswordWithNumber -->
      <class name="HolofyAPIs.ForgotpasswordWithEmail">
        <test-method status="PASS" signature="forgotpasswordWithEmailAPI(java.lang.String, int)[pri:0, instance:HolofyAPIs.ForgotpasswordWithEmail@3738449f]" name="forgotpasswordWithEmailAPI" duration-ms="601" started-at="2019-09-24T15:12:17Z" data-provider="forgot-passwordWithEmail" finished-at="2019-09-24T15:12:18Z">
          <params>
            <param index="0">
              <value>
                <![CDATA[test+12@gmail.com]]>
              </value>
            </param>
            <param index="1">
              <value>
                <![CDATA[200]]>
              </value>
            </param>
          </params>
          <reporter-output>
          </reporter-output>
        </test-method> <!-- forgotpasswordWithEmailAPI -->
        <test-method status="PASS" signature="forgotpasswordWithEmailAPI(java.lang.String, int)[pri:0, instance:HolofyAPIs.ForgotpasswordWithEmail@3738449f]" name="forgotpasswordWithEmailAPI" duration-ms="601" started-at="2019-09-24T15:12:18Z" data-provider="forgot-passwordWithEmail" finished-at="2019-09-24T15:12:18Z">
          <params>
            <param index="0">
              <value>
                <![CDATA[test@grr.la]]>
              </value>
            </param>
            <param index="1">
              <value>
                <![CDATA[400]]>
              </value>
            </param>
          </params>
          <reporter-output>
          </reporter-output>
        </test-method> <!-- forgotpasswordWithEmailAPI -->
        <test-method status="PASS" signature="forgotpasswordWithEmailAPI(java.lang.String, int)[pri:0, instance:HolofyAPIs.ForgotpasswordWithEmail@3738449f]" name="forgotpasswordWithEmailAPI" duration-ms="573" started-at="2019-09-24T15:12:18Z" data-provider="forgot-passwordWithEmail" finished-at="2019-09-24T15:12:19Z">
          <params>
            <param index="0">
              <value>
                <![CDATA[]]>
              </value>
            </param>
            <param index="1">
              <value>
                <![CDATA[400]]>
              </value>
            </param>
          </params>
          <reporter-output>
          </reporter-output>
        </test-method> <!-- forgotpasswordWithEmailAPI -->
        <test-method status="PASS" signature="forgotpasswordWithEmailAPI(java.lang.String, int)[pri:0, instance:HolofyAPIs.ForgotpasswordWithEmail@3738449f]" name="forgotpasswordWithEmailAPI" duration-ms="597" started-at="2019-09-24T15:12:19Z" data-provider="forgot-passwordWithEmail" finished-at="2019-09-24T15:12:20Z">
          <params>
            <param index="0">
              <value>
                <![CDATA[1234567890]]>
              </value>
            </param>
            <param index="1">
              <value>
                <![CDATA[400]]>
              </value>
            </param>
          </params>
          <reporter-output>
          </reporter-output>
        </test-method> <!-- forgotpasswordWithEmailAPI -->
      </class> <!-- HolofyAPIs.ForgotpasswordWithEmail -->
      <class name="HolofyAPIs.AppLogin">
        <test-method status="PASS" signature="getLoginAPI(java.lang.String, java.lang.String, java.lang.String, boolean, int)[pri:0, instance:HolofyAPIs.AppLogin@e7edb54]" name="getLoginAPI" duration-ms="4288" started-at="2019-09-24T15:12:08Z" data-provider="login-credentials" finished-at="2019-09-24T15:12:12Z">
          <params>
            <param index="0">
              <value>
                <![CDATA[9876543212]]>
              </value>
            </param>
            <param index="1">
              <value>
                <![CDATA[qwerty]]>
              </value>
            </param>
            <param index="2">
              <value>
                <![CDATA[+44]]>
              </value>
            </param>
            <param index="3">
              <value>
                <![CDATA[false]]>
              </value>
            </param>
            <param index="4">
              <value>
                <![CDATA[200]]>
              </value>
            </param>
          </params>
          <reporter-output>
          </reporter-output>
        </test-method> <!-- getLoginAPI -->
        <test-method status="PASS" signature="getLoginAPI(java.lang.String, java.lang.String, java.lang.String, boolean, int)[pri:0, instance:HolofyAPIs.AppLogin@e7edb54]" name="getLoginAPI" duration-ms="596" started-at="2019-09-24T15:12:12Z" data-provider="login-credentials" finished-at="2019-09-24T15:12:13Z">
          <params>
            <param index="0">
              <value>
                <![CDATA[1234567890]]>
              </value>
            </param>
            <param index="1">
              <value>
                <![CDATA[test123]]>
              </value>
            </param>
            <param index="2">
              <value>
                <![CDATA[+1]]>
              </value>
            </param>
            <param index="3">
              <value>
                <![CDATA[false]]>
              </value>
            </param>
            <param index="4">
              <value>
                <![CDATA[404]]>
              </value>
            </param>
          </params>
          <reporter-output>
          </reporter-output>
        </test-method> <!-- getLoginAPI -->
        <test-method status="PASS" signature="getLoginAPI(java.lang.String, java.lang.String, java.lang.String, boolean, int)[pri:0, instance:HolofyAPIs.AppLogin@e7edb54]" name="getLoginAPI" duration-ms="672" started-at="2019-09-24T15:12:13Z" data-provider="login-credentials" finished-at="2019-09-24T15:12:14Z">
          <params>
            <param index="0">
              <value>
                <![CDATA[9876543212]]>
              </value>
            </param>
            <param index="1">
              <value>
                <![CDATA[test123]]>
              </value>
            </param>
            <param index="2">
              <value>
                <![CDATA[+44]]>
              </value>
            </param>
            <param index="3">
              <value>
                <![CDATA[false]]>
              </value>
            </param>
            <param index="4">
              <value>
                <![CDATA[400]]>
              </value>
            </param>
          </params>
          <reporter-output>
          </reporter-output>
        </test-method> <!-- getLoginAPI -->
        <test-method status="PASS" signature="getLoginAPI(java.lang.String, java.lang.String, java.lang.String, boolean, int)[pri:0, instance:HolofyAPIs.AppLogin@e7edb54]" name="getLoginAPI" duration-ms="582" started-at="2019-09-24T15:12:14Z" data-provider="login-credentials" finished-at="2019-09-24T15:12:14Z">
          <params>
            <param index="0">
              <value is-null="true"/>
            </param>
            <param index="1">
              <value>
                <![CDATA[test123]]>
              </value>
            </param>
            <param index="2">
              <value>
                <![CDATA[+44]]>
              </value>
            </param>
            <param index="3">
              <value>
                <![CDATA[true]]>
              </value>
            </param>
            <param index="4">
              <value>
                <![CDATA[500]]>
              </value>
            </param>
          </params>
          <reporter-output>
          </reporter-output>
        </test-method> <!-- getLoginAPI -->
      </class> <!-- HolofyAPIs.AppLogin -->
      <class name="HolofyAPIs.EditProduct">
        <test-method status="PASS" signature="updateProductAPI()[pri:0, instance:HolofyAPIs.EditProduct@72cde7cc]" name="updateProductAPI" duration-ms="4205" started-at="2019-09-24T15:12:38Z" finished-at="2019-09-24T15:12:42Z">
          <reporter-output>
          </reporter-output>
        </test-method> <!-- updateProductAPI -->
      </class> <!-- HolofyAPIs.EditProduct -->
      <class name="HolofyAPIs.getProductList">
        <test-method status="PASS" signature="Productlist()[pri:0, instance:HolofyAPIs.getProductList@79da8dc5]" name="Productlist" duration-ms="1913" started-at="2019-09-24T15:12:30Z" finished-at="2019-09-24T15:12:32Z">
          <reporter-output>
          </reporter-output>
        </test-method> <!-- Productlist -->
      </class> <!-- HolofyAPIs.getProductList -->
      <class name="HolofyAPIs.EditCreatedSpace">
        <test-method status="PASS" signature="EditSpaceAPI(java.lang.String, java.lang.String, java.lang.String, java.lang.String, int)[pri:0, instance:HolofyAPIs.EditCreatedSpace@c333c60]" name="EditSpaceAPI" duration-ms="3498" started-at="2019-09-24T15:12:27Z" data-provider="updateSpace" finished-at="2019-09-24T15:12:30Z">
          <params>
            <param index="0">
              <value>
                <![CDATA[11]]>
              </value>
            </param>
            <param index="1">
              <value>
                <![CDATA[12]]>
              </value>
            </param>
            <param index="2">
              <value>
                <![CDATA[Update the Space title through API]]>
              </value>
            </param>
            <param index="3">
              <value>
                <![CDATA[Updated the Space Description through API]]>
              </value>
            </param>
            <param index="4">
              <value>
                <![CDATA[200]]>
              </value>
            </param>
          </params>
          <reporter-output>
          </reporter-output>
        </test-method> <!-- EditSpaceAPI -->
      </class> <!-- HolofyAPIs.EditCreatedSpace -->
      <class name="HolofyAPIs.RemoveCreateSpace">
        <test-method status="PASS" signature="deleteSpaceAPI()[pri:0, instance:HolofyAPIs.RemoveCreateSpace@67080771]" name="deleteSpaceAPI" duration-ms="2500" started-at="2019-09-24T15:12:36Z" finished-at="2019-09-24T15:12:38Z">
          <reporter-output>
          </reporter-output>
        </test-method> <!-- deleteSpaceAPI -->
      </class> <!-- HolofyAPIs.RemoveCreateSpace -->
      <class name="HolofyAPIs.GetSpaceList">
        <test-method status="PASS" signature="ListOfSpaceType()[pri:0, instance:HolofyAPIs.GetSpaceList@69e1dd28]" name="ListOfSpaceType" duration-ms="1751" started-at="2019-09-24T15:12:20Z" finished-at="2019-09-24T15:12:21Z">
          <reporter-output>
          </reporter-output>
        </test-method> <!-- ListOfSpaceType -->
      </class> <!-- HolofyAPIs.GetSpaceList -->
      <class name="HolofyAPIs.AddProductToSpace">
        <test-method status="PASS" signature="getBaseURI()[pri:0, instance:HolofyAPIs.AddProductToSpace@1eb5174b]" name="getBaseURI" is-config="true" duration-ms="7" started-at="2019-09-24T15:12:08Z" finished-at="2019-09-24T15:12:08Z">
          <reporter-output>
          </reporter-output>
        </test-method> <!-- getBaseURI -->
        <test-method status="PASS" signature="getBaseURI()[pri:0, instance:HolofyAPIs.CreateSpace@11bd0f3b]" name="getBaseURI" is-config="true" duration-ms="1" started-at="2019-09-24T15:12:08Z" finished-at="2019-09-24T15:12:08Z">
          <reporter-output>
          </reporter-output>
        </test-method> <!-- getBaseURI -->
        <test-method status="PASS" signature="getBaseURI()[pri:0, instance:HolofyAPIs.AppLogin@e7edb54]" name="getBaseURI" is-config="true" duration-ms="0" started-at="2019-09-24T15:12:08Z" finished-at="2019-09-24T15:12:08Z">
          <reporter-output>
          </reporter-output>
        </test-method> <!-- getBaseURI -->
        <test-method status="PASS" signature="getBaseURI()[pri:0, instance:HolofyAPIs.EditCreatedSpace@c333c60]" name="getBaseURI" is-config="true" duration-ms="0" started-at="2019-09-24T15:12:08Z" finished-at="2019-09-24T15:12:08Z">
          <reporter-output>
          </reporter-output>
        </test-method> <!-- getBaseURI -->
        <test-method status="PASS" signature="getBaseURI()[pri:0, instance:HolofyAPIs.RemoveProductFromSpace@5fd4f8f5]" name="getBaseURI" is-config="true" duration-ms="0" started-at="2019-09-24T15:12:08Z" finished-at="2019-09-24T15:12:08Z">
          <reporter-output>
          </reporter-output>
        </test-method> <!-- getBaseURI -->
        <test-method status="PASS" signature="getBaseURI()[pri:0, instance:HolofyAPIs.ForgotPasswordWithNumber@378542de]" name="getBaseURI" is-config="true" duration-ms="0" started-at="2019-09-24T15:12:08Z" finished-at="2019-09-24T15:12:08Z">
          <reporter-output>
          </reporter-output>
        </test-method> <!-- getBaseURI -->
        <test-method status="PASS" signature="getBaseURI()[pri:0, instance:HolofyAPIs.getProductList@79da8dc5]" name="getBaseURI" is-config="true" duration-ms="0" started-at="2019-09-24T15:12:08Z" finished-at="2019-09-24T15:12:08Z">
          <reporter-output>
          </reporter-output>
        </test-method> <!-- getBaseURI -->
        <test-method status="PASS" signature="getBaseURI()[pri:0, instance:HolofyAPIs.EditProduct@72cde7cc]" name="getBaseURI" is-config="true" duration-ms="0" started-at="2019-09-24T15:12:08Z" finished-at="2019-09-24T15:12:08Z">
          <reporter-output>
          </reporter-output>
        </test-method> <!-- getBaseURI -->
        <test-method status="PASS" signature="getBaseURI()[pri:0, instance:HolofyAPIs.GetSpaceList@69e1dd28]" name="getBaseURI" is-config="true" duration-ms="0" started-at="2019-09-24T15:12:08Z" finished-at="2019-09-24T15:12:08Z">
          <reporter-output>
          </reporter-output>
        </test-method> <!-- getBaseURI -->
        <test-method status="PASS" signature="getBaseURI()[pri:0, instance:HolofyAPIs.RemoveCreateSpace@67080771]" name="getBaseURI" is-config="true" duration-ms="0" started-at="2019-09-24T15:12:08Z" finished-at="2019-09-24T15:12:08Z">
          <reporter-output>
          </reporter-output>
        </test-method> <!-- getBaseURI -->
        <test-method status="PASS" signature="getBaseURI()[pri:0, instance:HolofyAPIs.ForgotpasswordWithEmail@3738449f]" name="getBaseURI" is-config="true" duration-ms="0" started-at="2019-09-24T15:12:08Z" finished-at="2019-09-24T15:12:08Z">
          <reporter-output>
          </reporter-output>
        </test-method> <!-- getBaseURI -->
        <test-method status="PASS" signature="AddProductToSpaceAPI(java.lang.String, java.lang.String, java.lang.String, java.lang.String, java.lang.String, java.lang.String, java.lang.String, java.lang.String, int)[pri:0, instance:HolofyAPIs.AddProductToSpace@1eb5174b]" name="AddProductToSpaceAPI" duration-ms="3459" started-at="2019-09-24T15:12:32Z" data-provider="addProduct" finished-at="2019-09-24T15:12:36Z">
          <params>
            <param index="0">
              <value>
                <![CDATA[producttitle]]>
              </value>
            </param>
            <param index="1">
              <value>
                <![CDATA[productdescription]]>
              </value>
            </param>
            <param index="2">
              <value>
                <![CDATA[5cfa540bc7779014978de2bf]]>
              </value>
            </param>
            <param index="3">
              <value>
                <![CDATA[5cd45444e119f26c39a55eea]]>
              </value>
            </param>
            <param index="4">
              <value>
                <![CDATA[5cfa5407c7779014978de2be]]>
              </value>
            </param>
            <param index="5">
              <value>
                <![CDATA[5cd454d7e119f26c39a55eeb]]>
              </value>
            </param>
            <param index="6">
              <value>
                <![CDATA[5c8aa18b0605dc668d0f1003]]>
              </value>
            </param>
            <param index="7">
              <value>
                <![CDATA[Smart Devices]]>
              </value>
            </param>
            <param index="8">
              <value>
                <![CDATA[200]]>
              </value>
            </param>
          </params>
          <reporter-output>
          </reporter-output>
        </test-method> <!-- AddProductToSpaceAPI -->
      </class> <!-- HolofyAPIs.AddProductToSpace -->
    </test> <!-- Holofy-APIs -->
  </suite> <!-- Suite -->
</testng-results>
