<?xml version="1.0" encoding="UTF-8"?>
<testsuite xmlns:xsi="http://www.w3.org/2001/XMLSchema-instance" xsi:noNamespaceSchemaLocation="https://maven.apache.org/surefire/maven-surefire-plugin/xsd/surefire-test-report.xsd" name="TestSuite" time="37.058" tests="21" errors="0" skipped="0" failures="0">
  <properties>
[...]
</properties>
  <testcase name="getLoginAPI" classname="HolofyAPIs.AppLogin" time="2.011"/>
  <testcase name="getLoginAPI" classname="HolofyAPIs.AppLogin" time="0.621"/>
  <testcase name="getLoginAPI" classname="HolofyAPIs.AppLogin" time="0.674"/>
  <testcase name="getLoginAPI" classname="HolofyAPIs.AppLogin" time="0.622"/>
  <testcase name="forgotpasswordWithNumberAPI" classname="HolofyAPIs.ForgotPasswordWithNumber" time="1.09"/>
  <testcase name="forgotpasswordWithNumberAPI" classname="HolofyAPIs.ForgotPasswordWithNumber" time="0.63"/>
  <testcase name="forgotpasswordWithNumberAPI" classname="HolofyAPIs.ForgotPasswordWithNumber" time="0.574"/>
  <testcase name="forgotpasswordWithNumberAPI" classname="HolofyAPIs.ForgotPasswordWithNumber" time="0.602"/>
  <testcase name="forgotpasswordWithEmailAPI" classname="HolofyAPIs.ForgotpasswordWithEmail" time="0.581"/>
  <testcase name="forgotpasswordWithEmailAPI" classname="HolofyAPIs.ForgotpasswordWithEmail" time="0.589"/>
  <testcase name="forgotpasswordWithEmailAPI" classname="HolofyAPIs.ForgotpasswordWithEmail" time="0.585"/>
  <testcase name="forgotpasswordWithEmailAPI" classname="HolofyAPIs.ForgotpasswordWithEmail" time="0.583"/>
  <testcase name="ListOfSpaceType" classname="HolofyAPIs.GetSpaceList" time="1.787"/>
  <testcase name="createNewSpaceAPI" classname="HolofyAPIs.CreateSpace" time="2.638"/>
  <testcase name="createNewSpaceAPI" classname="HolofyAPIs.CreateSpace" time="2.562"/>
  <testcase name="EditSpaceAPI" classname="HolofyAPIs.EditCreatedSpace" time="3.57"/>
  <testcase name="Productlist" classname="HolofyAPIs.getProductList" time="1.949"/>
  <testcase name="AddProductToSpaceAPI" classname="HolofyAPIs.AddProductToSpace" time="3.462"/>
  <testcase name="deleteSpaceAPI" classname="HolofyAPIs.RemoveCreateSpace" time="2.477"/>
  <testcase name="updateProductAPI" classname="HolofyAPIs.EditProduct" time="4.281"/>
  <testcase name="removeAddedProductAPI" classname="HolofyAPIs.RemoveProductFromSpace" time="4.167"/>
</testsuite>